<?xml version="1.0" encoding="UTF-8"?>
<testsuite xmlns:xsi="http://www.w3.org/2001/XMLSchema-instance" xsi:noNamespaceSchemaLocation="https://maven.apache.org/surefire/maven-surefire-plugin/xsd/surefire-test-report.xsd" name="org.com.DemoApplicationTests" time="4.935" tests="1" errors="0" skipped="0" failures="0">
  <properties>
    <property name="sun.desktop" value="windows"/>
    <property name="awt.toolkit" value="sun.awt.windows.WToolkit"/>
    <property name="java.specification.version" value="11"/>
    <property name="sun.cpu.isalist" value="amd64"/>
    <property name="sun.jnu.encoding" value="GBK"/>
    <property name="java.class.path" value="D:\Intellij IDEA\WirelessXY\target\test-classes;D:\Intellij IDEA\WirelessXY\target\classes;C:\Users\Z_HAO\.m2\repository\org\springframework\boot\spring-boot-starter-web\2.4.0\spring-boot-starter-web-2.4.0.jar;C:\Users\Z_HAO\.m2\repository\org\springframework\boot\spring-boot-starter\2.4.0\spring-boot-starter-2.4.0.jar;C:\Users\Z_HAO\.m2\repository\org\springframework\boot\spring-boot\2.4.0\spring-boot-2.4.0.jar;C:\Users\Z_HAO\.m2\repository\org\springframework\boot\spring-boot-autoconfigure\2.4.0\spring-boot-autoconfigure-2.4.0.jar;C:\Users\Z_HAO\.m2\repository\org\springframework\boot\spring-boot-starter-logging\2.4.0\spring-boot-starter-logging-2.4.0.jar;C:\Users\Z_HAO\.m2\repository\ch\qos\logback\logback-classic\1.2.3\logback-classic-1.2.3.jar;C:\Users\Z_HAO\.m2\repository\ch\qos\logback\logback-core\1.2.3\logback-core-1.2.3.jar;C:\Users\Z_HAO\.m2\repository\org\apache\logging\log4j\log4j-to-slf4j\2.13.3\log4j-to-slf4j-2.13.3.jar;C:\Users\Z_HAO\.m2\repository\org\apache\logging\log4j\log4j-api\2.13.3\log4j-api-2.13.3.jar;C:\Users\Z_HAO\.m2\repository\org\slf4j\jul-to-slf4j\1.7.30\jul-to-slf4j-1.7.30.jar;C:\Users\Z_HAO\.m2\repository\jakarta\annotation\jakarta.annotation-api\1.3.5\jakarta.annotation-api-1.3.5.jar;C:\Users\Z_HAO\.m2\repository\org\yaml\snakeyaml\1.27\snakeyaml-1.27.jar;C:\Users\Z_HAO\.m2\repository\org\springframework\boot\spring-boot-starter-json\2.4.0\spring-boot-starter-json-2.4.0.jar;C:\Users\Z_HAO\.m2\repository\com\fasterxml\jackson\core\jackson-databind\2.11.3\jackson-databind-2.11.3.jar;C:\Users\Z_HAO\.m2\repository\com\fasterxml\jackson\core\jackson-annotations\2.11.3\jackson-annotations-2.11.3.jar;C:\Users\Z_HAO\.m2\repository\com\fasterxml\jackson\core\jackson-core\2.11.3\jackson-core-2.11.3.jar;C:\Users\Z_HAO\.m2\repository\com\fasterxml\jackson\datatype\jackson-datatype-jdk8\2.11.3\jackson-datatype-jdk8-2.11.3.jar;C:\Users\Z_HAO\.m2\repository\com\fasterxml\jackson\datatype\jackson-datatype-jsr310\2.11.3\jackson-datatype-jsr310-2.11.3.jar;C:\Users\Z_HAO\.m2\repository\com\fasterxml\jackson\module\jackson-module-parameter-names\2.11.3\jackson-module-parameter-names-2.11.3.jar;C:\Users\Z_HAO\.m2\repository\org\springframework\boot\spring-boot-starter-tomcat\2.4.0\spring-boot-starter-tomcat-2.4.0.jar;C:\Users\Z_HAO\.m2\repository\org\apache\tomcat\embed\tomcat-embed-core\9.0.39\tomcat-embed-core-9.0.39.jar;C:\Users\Z_HAO\.m2\repository\org\glassfish\jakarta.el\3.0.3\jakarta.el-3.0.3.jar;C:\Users\Z_HAO\.m2\repository\org\apache\tomcat\embed\tomcat-embed-websocket\9.0.39\tomcat-embed-websocket-9.0.39.jar;C:\Users\Z_HAO\.m2\repository\org\springframework\spring-web\5.3.1\spring-web-5.3.1.jar;C:\Users\Z_HAO\.m2\repository\org\springframework\spring-beans\5.3.1\spring-beans-5.3.1.jar;C:\Users\Z_HAO\.m2\repository\org\springframework\spring-webmvc\5.3.1\spring-webmvc-5.3.1.jar;C:\Users\Z_HAO\.m2\repository\org\springframework\spring-aop\5.3.1\spring-aop-5.3.1.jar;C:\Users\Z_HAO\.m2\repository\org\springframework\spring-context\5.3.1\spring-context-5.3.1.jar;C:\Users\Z_HAO\.m2\repository\org\springframework\spring-expression\5.3.1\spring-expression-5.3.1.jar;C:\Users\Z_HAO\.m2\repository\org\springframework\boot\spring-boot-starter-test\2.4.0\spring-boot-starter-test-2.4.0.jar;C:\Users\Z_HAO\.m2\repository\org\springframework\boot\spring-boot-test\2.4.0\spring-boot-test-2.4.0.jar;C:\Users\Z_HAO\.m2\repository\org\springframework\boot\spring-boot-test-autoconfigure\2.4.0\spring-boot-test-autoconfigure-2.4.0.jar;C:\Users\Z_HAO\.m2\repository\com\jayway\jsonpath\json-path\2.4.0\json-path-2.4.0.jar;C:\Users\Z_HAO\.m2\repository\net\minidev\json-smart\2.3\json-smart-2.3.jar;C:\Users\Z_HAO\.m2\repository\net\minidev\accessors-smart\1.2\accessors-smart-1.2.jar;C:\Users\Z_HAO\.m2\repository\org\ow2\asm\asm\5.0.4\asm-5.0.4.jar;C:\Users\Z_HAO\.m2\repository\jakarta\xml\bind\jakarta.xml.bind-api\2.3.3\jakarta.xml.bind-api-2.3.3.jar;C:\Users\Z_HAO\.m2\repository\jakarta\activation\jakarta.activation-api\1.2.2\jakarta.activation-api-1.2.2.jar;C:\Users\Z_HAO\.m2\repository\org\assertj\assertj-core\3.18.1\assertj-core-3.18.1.jar;C:\Users\Z_HAO\.m2\repository\org\hamcrest\hamcrest\2.2\hamcrest-2.2.jar;C:\Users\Z_HAO\.m2\repository\org\junit\jupiter\junit-jupiter\5.7.0\junit-jupiter-5.7.0.jar;C:\Users\Z_HAO\.m2\repository\org\junit\jupiter\junit-jupiter-api\5.7.0\junit-jupiter-api-5.7.0.jar;C:\Users\Z_HAO\.m2\repository\org\apiguardian\apiguardian-api\1.1.0\apiguardian-api-1.1.0.jar;C:\Users\Z_HAO\.m2\repository\org\opentest4j\opentest4j\1.2.0\opentest4j-1.2.0.jar;C:\Users\Z_HAO\.m2\repository\org\junit\platform\junit-platform-commons\1.7.0\junit-platform-commons-1.7.0.jar;C:\Users\Z_HAO\.m2\repository\org\junit\jupiter\junit-jupiter-params\5.7.0\junit-jupiter-params-5.7.0.jar;C:\Users\Z_HAO\.m2\repository\org\junit\jupiter\junit-jupiter-engine\5.7.0\junit-jupiter-engine-5.7.0.jar;C:\Users\Z_HAO\.m2\repository\org\junit\platform\junit-platform-engine\1.7.0\junit-platform-engine-1.7.0.jar;C:\Users\Z_HAO\.m2\repository\org\mockito\mockito-core\3.6.0\mockito-core-3.6.0.jar;C:\Users\Z_HAO\.m2\repository\net\bytebuddy\byte-buddy\1.10.18\byte-buddy-1.10.18.jar;C:\Users\Z_HAO\.m2\repository\net\bytebuddy\byte-buddy-agent\1.10.18\byte-buddy-agent-1.10.18.jar;C:\Users\Z_HAO\.m2\repository\org\objenesis\objenesis\3.1\objenesis-3.1.jar;C:\Users\Z_HAO\.m2\repository\org\mockito\mockito-junit-jupiter\3.6.0\mockito-junit-jupiter-3.6.0.jar;C:\Users\Z_HAO\.m2\repository\org\skyscreamer\jsonassert\1.5.0\jsonassert-1.5.0.jar;C:\Users\Z_HAO\.m2\repository\com\vaadin\external\google\android-json\0.0.20131108.vaadin1\android-json-0.0.20131108.vaadin1.jar;C:\Users\Z_HAO\.m2\repository\org\springframework\spring-core\5.3.1\spring-core-5.3.1.jar;C:\Users\Z_HAO\.m2\repository\org\springframework\spring-jcl\5.3.1\spring-jcl-5.3.1.jar;C:\Users\Z_HAO\.m2\repository\org\springframework\spring-test\5.3.1\spring-test-5.3.1.jar;C:\Users\Z_HAO\.m2\repository\org\xmlunit\xmlunit-core\2.7.0\xmlunit-core-2.7.0.jar;C:\Users\Z_HAO\.m2\repository\org\apache\commons\commons-math3\3.6.1\commons-math3-3.6.1.jar;C:\Users\Z_HAO\.m2\repository\org\json\json\20180130\json-20180130.jar;C:\Users\Z_HAO\.m2\repository\com\googlecode\json-simple\json-simple\1.1\json-simple-1.1.jar;C:\Users\Z_HAO\.m2\repository\net\sf\json-lib\json-lib\2.4\json-lib-2.4-jdk15.jar;C:\Users\Z_HAO\.m2\repository\commons-beanutils\commons-beanutils\1.8.0\commons-beanutils-1.8.0.jar;C:\Users\Z_HAO\.m2\repository\commons-collections\commons-collections\3.2.1\commons-collections-3.2.1.jar;C:\Users\Z_HAO\.m2\repository\commons-lang\commons-lang\2.5\commons-lang-2.5.jar;C:\Users\Z_HAO\.m2\repository\commons-logging\commons-logging\1.1.1\commons-logging-1.1.1.jar;C:\Users\Z_HAO\.m2\repository\net\sf\ezmorph\ezmorph\1.0.6\ezmorph-1.0.6.jar;C:\Users\Z_HAO\.m2\repository\com\google\guava\guava\21.0\guava-21.0.jar;C:\Users\Z_HAO\.m2\repository\bio\singa\singa-javafx\0.7.0\singa-javafx-0.7.0.jar;C:\Users\Z_HAO\.m2\repository\org\openjfx\javafx-controls\11\javafx-controls-11.jar;C:\Users\Z_HAO\.m2\repository\org\openjfx\javafx-controls\11\javafx-controls-11-win.jar;C:\Users\Z_HAO\.m2\repository\org\openjfx\javafx-graphics\11\javafx-graphics-11.jar;C:\Users\Z_HAO\.m2\repository\org\openjfx\javafx-graphics\11\javafx-graphics-11-win.jar;C:\Users\Z_HAO\.m2\repository\org\openjfx\javafx-base\11\javafx-base-11.jar;C:\Users\Z_HAO\.m2\repository\org\openjfx\javafx-base\11\javafx-base-11-win.jar;C:\Users\Z_HAO\.m2\repository\bio\singa\singa-chemistry\0.7.0\singa-chemistry-0.7.0.jar;C:\Users\Z_HAO\.m2\repository\bio\singa\singa-features\0.7.0\singa-features-0.7.0.jar;C:\Users\Z_HAO\.m2\repository\tech\units\indriya\1.2\indriya-1.2.jar;C:\Users\Z_HAO\.m2\repository\javax\measure\unit-api\1.0\unit-api-1.0.jar;C:\Users\Z_HAO\.m2\repository\tech\uom\lib\uom-lib-common\1.1\uom-lib-common-1.1.jar;C:\Users\Z_HAO\.m2\repository\bio\singa\singa-mathematics\0.7.0\singa-mathematics-0.7.0.jar;C:\Users\Z_HAO\.m2\repository\bio\singa\singa-core\0.7.0\singa-core-0.7.0.jar;C:\Users\Z_HAO\.m2\repository\uk\ac\ebi\beam\beam-core\1.2.1\beam-core-1.2.1.jar;C:\Users\Z_HAO\.m2\repository\uk\ac\ebi\beam\beam-func\1.2.1\beam-func-1.2.1.jar;C:\Users\Z_HAO\.m2\repository\bio\singa\singa-sequence\0.7.0\singa-sequence-0.7.0.jar;C:\Users\Z_HAO\.m2\repository\bio\singa\singa-structure\0.7.0\singa-structure-0.7.0.jar;C:\Users\Z_HAO\.m2\repository\org\rcsb\mmtf-codec\1.0.8\mmtf-codec-1.0.8.jar;C:\Users\Z_HAO\.m2\repository\org\rcsb\mmtf-serialization\1.0.8\mmtf-serialization-1.0.8.jar;C:\Users\Z_HAO\.m2\repository\org\msgpack\jackson-dataformat-msgpack\0.7.1\jackson-dataformat-msgpack-0.7.1.jar;C:\Users\Z_HAO\.m2\repository\org\msgpack\msgpack-core\0.7.1\msgpack-core-0.7.1.jar;C:\Users\Z_HAO\.m2\repository\org\rcsb\mmtf-api\1.0.8\mmtf-api-1.0.8.jar;C:\Users\Z_HAO\.m2\repository\org\jfree\jfreesvg\3.3\jfreesvg-3.3.jar;C:\Users\Z_HAO\.m2\repository\org\slf4j\slf4j-api\1.7.30\slf4j-api-1.7.30.jar;"/>
    <property name="java.vm.vendor" value="JetBrains s.r.o"/>
    <property name="sun.arch.data.model" value="64"/>
    <property name="user.variant" value=""/>
    <property name="java.vendor.url" value="https://www.jetbrains.com/"/>
    <property name="user.timezone" value="Asia/Shanghai"/>
    <property name="java.vm.specification.version" value="11"/>
    <property name="os.name" value="Windows 10"/>
    <property name="sun.java.launcher" value="SUN_STANDARD"/>
    <property name="user.country" value="CN"/>
    <property name="sun.boot.library.path" value="D:\Intellij IDEA\IntelliJ IDEA 2019.2.4\jbr\bin"/>
    <property name="sun.java.command" value="C:\Users\Z_HAO\AppData\Local\Temp\surefire16713822530850666014\surefirebooter12385573732815874725.jar C:\Users\Z_HAO\AppData\Local\Temp\surefire16713822530850666014 2020-11-23T22-34-57_374-jvmRun1 surefire12453577004654383474tmp surefire_09799366299123944628tmp"/>
    <property name="jdk.debug" value="release"/>
    <property name="surefire.test.class.path" value="D:\Intellij IDEA\WirelessXY\target\test-classes;D:\Intellij IDEA\WirelessXY\target\classes;C:\Users\Z_HAO\.m2\repository\org\springframework\boot\spring-boot-starter-web\2.4.0\spring-boot-starter-web-2.4.0.jar;C:\Users\Z_HAO\.m2\repository\org\springframework\boot\spring-boot-starter\2.4.0\spring-boot-starter-2.4.0.jar;C:\Users\Z_HAO\.m2\repository\org\springframework\boot\spring-boot\2.4.0\spring-boot-2.4.0.jar;C:\Users\Z_HAO\.m2\repository\org\springframework\boot\spring-boot-autoconfigure\2.4.0\spring-boot-autoconfigure-2.4.0.jar;C:\Users\Z_HAO\.m2\repository\org\springframework\boot\spring-boot-starter-logging\2.4.0\spring-boot-starter-logging-2.4.0.jar;C:\Users\Z_HAO\.m2\repository\ch\qos\logback\logback-classic\1.2.3\logback-classic-1.2.3.jar;C:\Users\Z_HAO\.m2\repository\ch\qos\logback\logback-core\1.2.3\logback-core-1.2.3.jar;C:\Users\Z_HAO\.m2\repository\org\apache\logging\log4j\log4j-to-slf4j\2.13.3\log4j-to-slf4j-2.13.3.jar;C:\Users\Z_HAO\.m2\repository\org\apache\logging\log4j\log4j-api\2.13.3\log4j-api-2.13.3.jar;C:\Users\Z_HAO\.m2\repository\org\slf4j\jul-to-slf4j\1.7.30\jul-to-slf4j-1.7.30.jar;C:\Users\Z_HAO\.m2\repository\jakarta\annotation\jakarta.annotation-api\1.3.5\jakarta.annotation-api-1.3.5.jar;C:\Users\Z_HAO\.m2\repository\org\yaml\snakeyaml\1.27\snakeyaml-1.27.jar;C:\Users\Z_HAO\.m2\repository\org\springframework\boot\spring-boot-starter-json\2.4.0\spring-boot-starter-json-2.4.0.jar;C:\Users\Z_HAO\.m2\repository\com\fasterxml\jackson\core\jackson-databind\2.11.3\jackson-databind-2.11.3.jar;C:\Users\Z_HAO\.m2\repository\com\fasterxml\jackson\core\jackson-annotations\2.11.3\jackson-annotations-2.11.3.jar;C:\Users\Z_HAO\.m2\repository\com\fasterxml\jackson\core\jackson-core\2.11.3\jackson-core-2.11.3.jar;C:\Users\Z_HAO\.m2\repository\com\fasterxml\jackson\datatype\jackson-datatype-jdk8\2.11.3\jackson-datatype-jdk8-2.11.3.jar;C:\Users\Z_HAO\.m2\repository\com\fasterxml\jackson\datatype\jackson-datatype-jsr310\2.11.3\jackson-datatype-jsr310-2.11.3.jar;C:\Users\Z_HAO\.m2\repository\com\fasterxml\jackson\module\jackson-module-parameter-names\2.11.3\jackson-module-parameter-names-2.11.3.jar;C:\Users\Z_HAO\.m2\repository\org\springframework\boot\spring-boot-starter-tomcat\2.4.0\spring-boot-starter-tomcat-2.4.0.jar;C:\Users\Z_HAO\.m2\repository\org\apache\tomcat\embed\tomcat-embed-core\9.0.39\tomcat-embed-core-9.0.39.jar;C:\Users\Z_HAO\.m2\repository\org\glassfish\jakarta.el\3.0.3\jakarta.el-3.0.3.jar;C:\Users\Z_HAO\.m2\repository\org\apache\tomcat\embed\tomcat-embed-websocket\9.0.39\tomcat-embed-websocket-9.0.39.jar;C:\Users\Z_HAO\.m2\repository\org\springframework\spring-web\5.3.1\spring-web-5.3.1.jar;C:\Users\Z_HAO\.m2\repository\org\springframework\spring-beans\5.3.1\spring-beans-5.3.1.jar;C:\Users\Z_HAO\.m2\repository\org\springframework\spring-webmvc\5.3.1\spring-webmvc-5.3.1.jar;C:\Users\Z_HAO\.m2\repository\org\springframework\spring-aop\5.3.1\spring-aop-5.3.1.jar;C:\Users\Z_HAO\.m2\repository\org\springframework\spring-context\5.3.1\spring-context-5.3.1.jar;C:\Users\Z_HAO\.m2\repository\org\springframework\spring-expression\5.3.1\spring-expression-5.3.1.jar;C:\Users\Z_HAO\.m2\repository\org\springframework\boot\spring-boot-starter-test\2.4.0\spring-boot-starter-test-2.4.0.jar;C:\Users\Z_HAO\.m2\repository\org\springframework\boot\spring-boot-test\2.4.0\spring-boot-test-2.4.0.jar;C:\Users\Z_HAO\.m2\repository\org\springframework\boot\spring-boot-test-autoconfigure\2.4.0\spring-boot-test-autoconfigure-2.4.0.jar;C:\Users\Z_HAO\.m2\repository\com\jayway\jsonpath\json-path\2.4.0\json-path-2.4.0.jar;C:\Users\Z_HAO\.m2\repository\net\minidev\json-smart\2.3\json-smart-2.3.jar;C:\Users\Z_HAO\.m2\repository\net\minidev\accessors-smart\1.2\accessors-smart-1.2.jar;C:\Users\Z_HAO\.m2\repository\org\ow2\asm\asm\5.0.4\asm-5.0.4.jar;C:\Users\Z_HAO\.m2\repository\jakarta\xml\bind\jakarta.xml.bind-api\2.3.3\jakarta.xml.bind-api-2.3.3.jar;C:\Users\Z_HAO\.m2\repository\jakarta\activation\jakarta.activation-api\1.2.2\jakarta.activation-api-1.2.2.jar;C:\Users\Z_HAO\.m2\repository\org\assertj\assertj-core\3.18.1\assertj-core-3.18.1.jar;C:\Users\Z_HAO\.m2\repository\org\hamcrest\hamcrest\2.2\hamcrest-2.2.jar;C:\Users\Z_HAO\.m2\repository\org\junit\jupiter\junit-jupiter\5.7.0\junit-jupiter-5.7.0.jar;C:\Users\Z_HAO\.m2\repository\org\junit\jupiter\junit-jupiter-api\5.7.0\junit-jupiter-api-5.7.0.jar;C:\Users\Z_HAO\.m2\repository\org\apiguardian\apiguardian-api\1.1.0\apiguardian-api-1.1.0.jar;C:\Users\Z_HAO\.m2\repository\org\opentest4j\opentest4j\1.2.0\opentest4j-1.2.0.jar;C:\Users\Z_HAO\.m2\repository\org\junit\platform\junit-platform-commons\1.7.0\junit-platform-commons-1.7.0.jar;C:\Users\Z_HAO\.m2\repository\org\junit\jupiter\junit-jupiter-params\5.7.0\junit-jupiter-params-5.7.0.jar;C:\Users\Z_HAO\.m2\repository\org\junit\jupiter\junit-jupiter-engine\5.7.0\junit-jupiter-engine-5.7.0.jar;C:\Users\Z_HAO\.m2\repository\org\junit\platform\junit-platform-engine\1.7.0\junit-platform-engine-1.7.0.jar;C:\Users\Z_HAO\.m2\repository\org\mockito\mockito-core\3.6.0\mockito-core-3.6.0.jar;C:\Users\Z_HAO\.m2\repository\net\bytebuddy\byte-buddy\1.10.18\byte-buddy-1.10.18.jar;C:\Users\Z_HAO\.m2\repository\net\bytebuddy\byte-buddy-agent\1.10.18\byte-buddy-agent-1.10.18.jar;C:\Users\Z_HAO\.m2\repository\org\objenesis\objenesis\3.1\objenesis-3.1.jar;C:\Users\Z_HAO\.m2\repository\org\mockito\mockito-junit-jupiter\3.6.0\mockito-junit-jupiter-3.6.0.jar;C:\Users\Z_HAO\.m2\repository\org\skyscreamer\jsonassert\1.5.0\jsonassert-1.5.0.jar;C:\Users\Z_HAO\.m2\repository\com\vaadin\external\google\android-json\0.0.20131108.vaadin1\android-json-0.0.20131108.vaadin1.jar;C:\Users\Z_HAO\.m2\repository\org\springframework\spring-core\5.3.1\spring-core-5.3.1.jar;C:\Users\Z_HAO\.m2\repository\org\springframework\spring-jcl\5.3.1\spring-jcl-5.3.1.jar;C:\Users\Z_HAO\.m2\repository\org\springframework\spring-test\5.3.1\spring-test-5.3.1.jar;C:\Users\Z_HAO\.m2\repository\org\xmlunit\xmlunit-core\2.7.0\xmlunit-core-2.7.0.jar;C:\Users\Z_HAO\.m2\repository\org\apache\commons\commons-math3\3.6.1\commons-math3-3.6.1.jar;C:\Users\Z_HAO\.m2\repository\org\json\json\20180130\json-20180130.jar;C:\Users\Z_HAO\.m2\repository\com\googlecode\json-simple\json-simple\1.1\json-simple-1.1.jar;C:\Users\Z_HAO\.m2\repository\net\sf\json-lib\json-lib\2.4\json-lib-2.4-jdk15.jar;C:\Users\Z_HAO\.m2\repository\commons-beanutils\commons-beanutils\1.8.0\commons-beanutils-1.8.0.jar;C:\Users\Z_HAO\.m2\repository\commons-collections\commons-collections\3.2.1\commons-collections-3.2.1.jar;C:\Users\Z_HAO\.m2\repository\commons-lang\commons-lang\2.5\commons-lang-2.5.jar;C:\Users\Z_HAO\.m2\repository\commons-logging\commons-logging\1.1.1\commons-logging-1.1.1.jar;C:\Users\Z_HAO\.m2\repository\net\sf\ezmorph\ezmorph\1.0.6\ezmorph-1.0.6.jar;C:\Users\Z_HAO\.m2\repository\com\google\guava\guava\21.0\guava-21.0.jar;C:\Users\Z_HAO\.m2\repository\bio\singa\singa-javafx\0.7.0\singa-javafx-0.7.0.jar;C:\Users\Z_HAO\.m2\repository\org\openjfx\javafx-controls\11\javafx-controls-11.jar;C:\Users\Z_HAO\.m2\repository\org\openjfx\javafx-controls\11\javafx-controls-11-win.jar;C:\Users\Z_HAO\.m2\repository\org\openjfx\javafx-graphics\11\javafx-graphics-11.jar;C:\Users\Z_HAO\.m2\repository\org\openjfx\javafx-graphics\11\javafx-graphics-11-win.jar;C:\Users\Z_HAO\.m2\repository\org\openjfx\javafx-base\11\javafx-base-11.jar;C:\Users\Z_HAO\.m2\repository\org\openjfx\javafx-base\11\javafx-base-11-win.jar;C:\Users\Z_HAO\.m2\repository\bio\singa\singa-chemistry\0.7.0\singa-chemistry-0.7.0.jar;C:\Users\Z_HAO\.m2\repository\bio\singa\singa-features\0.7.0\singa-features-0.7.0.jar;C:\Users\Z_HAO\.m2\repository\tech\units\indriya\1.2\indriya-1.2.jar;C:\Users\Z_HAO\.m2\repository\javax\measure\unit-api\1.0\unit-api-1.0.jar;C:\Users\Z_HAO\.m2\repository\tech\uom\lib\uom-lib-common\1.1\uom-lib-common-1.1.jar;C:\Users\Z_HAO\.m2\repository\bio\singa\singa-mathematics\0.7.0\singa-mathematics-0.7.0.jar;C:\Users\Z_HAO\.m2\repository\bio\singa\singa-core\0.7.0\singa-core-0.7.0.jar;C:\Users\Z_HAO\.m2\repository\uk\ac\ebi\beam\beam-core\1.2.1\beam-core-1.2.1.jar;C:\Users\Z_HAO\.m2\repository\uk\ac\ebi\beam\beam-func\1.2.1\beam-func-1.2.1.jar;C:\Users\Z_HAO\.m2\repository\bio\singa\singa-sequence\0.7.0\singa-sequence-0.7.0.jar;C:\Users\Z_HAO\.m2\repository\bio\singa\singa-structure\0.7.0\singa-structure-0.7.0.jar;C:\Users\Z_HAO\.m2\repository\org\rcsb\mmtf-codec\1.0.8\mmtf-codec-1.0.8.jar;C:\Users\Z_HAO\.m2\repository\org\rcsb\mmtf-serialization\1.0.8\mmtf-serialization-1.0.8.jar;C:\Users\Z_HAO\.m2\repository\org\msgpack\jackson-dataformat-msgpack\0.7.1\jackson-dataformat-msgpack-0.7.1.jar;C:\Users\Z_HAO\.m2\repository\org\msgpack\msgpack-core\0.7.1\msgpack-core-0.7.1.jar;C:\Users\Z_HAO\.m2\repository\org\rcsb\mmtf-api\1.0.8\mmtf-api-1.0.8.jar;C:\Users\Z_HAO\.m2\repository\org\jfree\jfreesvg\3.3\jfreesvg-3.3.jar;C:\Users\Z_HAO\.m2\repository\org\slf4j\slf4j-api\1.7.30\slf4j-api-1.7.30.jar;"/>
    <property name="sun.cpu.endian" value="little"/>
    <property name="user.home" value="C:\Users\Z_HAO"/>
    <property name="user.language" value="zh"/>
    <property name="java.specification.vendor" value="Oracle Corporation"/>
    <property name="java.version.date" value="2020-01-14"/>
    <property name="java.home" value="D:\Intellij IDEA\IntelliJ IDEA 2019.2.4\jbr"/>
    <property name="file.separator" value="\"/>
    <property name="basedir" value="D:\Intellij IDEA\WirelessXY"/>
    <property name="java.vm.compressedOopsMode" value="Zero based"/>
    <property name="line.separator" value="&#10;"/>
    <property name="java.specification.name" value="Java Platform API Specification"/>
    <property name="java.vm.specification.vendor" value="Oracle Corporation"/>
    <property name="java.awt.graphicsenv" value="sun.awt.Win32GraphicsEnvironment"/>
    <property name="surefire.real.class.path" value="C:\Users\Z_HAO\AppData\Local\Temp\surefire16713822530850666014\surefirebooter12385573732815874725.jar"/>
    <property name="user.script" value=""/>
    <property name="sun.management.compiler" value="HotSpot 64-Bit Tiered Compilers"/>
    <property name="java.runtime.version" value="11.0.6+8-b520.66"/>
    <property name="user.name" value="Z_HAO"/>
    <property name="path.separator" value=";"/>
    <property name="os.version" value="10.0"/>
    <property name="java.runtime.name" value="OpenJDK Runtime Environment"/>
    <property name="file.encoding" value="GBK"/>
    <property name="java.vm.name" value="OpenJDK 64-Bit Server VM"/>
    <property name="localRepository" value="C:\Users\Z_HAO\.m2\repository"/>
    <property name="java.vendor.url.bug" value="https://youtrack.jetbrains.com"/>
    <property name="java.io.tmpdir" value="C:\Users\Z_HAO\AppData\Local\Temp\"/>
    <property name="java.version" value="11.0.6"/>
    <property name="user.dir" value="D:\Intellij IDEA\WirelessXY"/>
    <property name="os.arch" value="amd64"/>
    <property name="java.vm.specification.name" value="Java Virtual Machine Specification"/>
    <property name="java.awt.printerjob" value="sun.awt.windows.WPrinterJob"/>
    <property name="sun.os.patch.level" value=""/>
    <property name="idea.version2019.3.5" value="true"/>
    <property name="java.library.path" value="D:\Intellij IDEA\IntelliJ IDEA 2019.2.4\jbr\bin;C:\WINDOWS\Sun\Java\bin;C:\WINDOWS\system32;C:\WINDOWS;D:\Xshell 6\;C:\Program Files\Common Files\Oracle\Java\javapath;C:\Program Files (x86)\NetSarang\Xftp 6\;C:\Program Files\NVIDIA GPU Computing Toolkit\CUDA\v11.0\bin;C:\Program Files\NVIDIA GPU Computing Toolkit\CUDA\v11.0\libnvvp;C:\Windows\system32;C:\Windows;C:\Windows\System32\Wbem;C:\Windows\System32\WindowsPowerShell\v1.0\;C:\Program Files (x86)\NVIDIA Corporation\PhysX\Common;C:\WINDOWS\system32;C:\WINDOWS;C:\WINDOWS\System32\Wbem;C:\WINDOWS\System32\WindowsPowerShell\v1.0\;C:\WINDOWS\System32\OpenSSH\;C:\Program Files\dotnet\;C:\Program Files\Microsoft SQL Server\130\Tools\Binn\;C:\Program Files\Git\cmd;C:\Program Files (x86)\Intel\Intel(R) Management Engine Components\DAL;C:\Program Files\Intel\Intel(R) Management Engine Components\DAL;C:\Program Files\NVIDIA Corporation\Nsight Compute 2020.1.0\;C:\Program Files\NVIDIA Corporation\NVIDIA NvDLISR;D:\Intellij IDEA\apache-tomcat-7.0.106\bin;D:\Intellij IDEA\apache-tomcat-7.0.106\lib;C:\Program Files\Java\jdk-13.0.1\bin;C:\Program Files\Java\jdk-13.0.1\jre\bin;C:\Users\Z_HAO\AppData\Local\Microsoft\WindowsApps;D:\Visual studio code\Microsoft VS Code\bin;D:\LLVM\bin;D:\Clion\CLion 2019.2.5\bin;E:\vivado\Vivado\2019.1\bin;;D:\Intellij IDEA\IntelliJ IDEA 2019.2.4\bin;;D:\Rider\JetBrains Rider 2019.3.1\bin;;D:\modeltech64_10.5\win64;C:\Users\Z_HAO\CLionProjects\Clion_C__\boost_1_73_0;D:\JetBrains\PyCharm 2020.2.3\bin;;D:\mysql\bin;;D:\JetBrains\WebStorm 2020.2.3\bin;;."/>
    <property name="java.vendor" value="JetBrains s.r.o"/>
    <property name="java.vm.info" value="mixed mode"/>
    <property name="java.vm.version" value="11.0.6+8-b520.66"/>
    <property name="sun.io.unicode.encoding" value="UnicodeLittle"/>
    <property name="java.class.version" value="55.0"/>
  </properties>
  <testcase name="contextLoads" classname="org.com.DemoApplicationTests" time="0.474"/>
</testsuite>